[2024-05-21T12:51:34.366Z] GET /api/book
[2024-05-21T12:51:53.851Z] GET /api/user
[2024-05-21T12:52:04.019Z] GET /
[2024-05-21T12:53:28.560Z] DELETE /api/book/664c8f6a1306ea74228a6722
[2024-05-21T12:53:42.866Z] GET /api/book
[2024-05-21T12:54:21.741Z] PUT /api/book/664c8f041306ea74228a671c
[2024-05-21T12:54:25.840Z] GET /api/book
[2024-05-21T13:59:17.166Z] POST /users/register
[2024-05-21T14:00:35.697Z] POST /api/user/register
[2024-05-21T14:00:45.440Z] POST /api/user/register
[2024-05-21T14:00:50.501Z] POST /api/user/register
[2024-05-21T14:01:26.100Z] POST /api/user/register
[2024-05-21T14:06:33.987Z] POST /api/user/register
[2024-05-21T14:10:11.531Z] POST /api/user/register
[2024-05-21T14:15:10.735Z] GET /api/user
[2024-05-21T14:15:52.981Z] POST /api/user/login
[2024-05-21T14:16:03.252Z] GET /api/user
[2024-05-21T14:16:15.724Z] POST /api/user/login
[2024-05-21T14:16:19.511Z] GET /api/user
[2024-05-21T14:30:08.647Z] POST /api/user/logout
[2024-05-21T14:30:12.568Z] POST /api/user/logout
[2024-05-21T14:31:43.257Z] GET /api/book
[2024-05-21T14:32:06.964Z] DELETE /api/book/jjj
[2024-05-21T14:33:17.511Z] POST /api/user/register
[2024-05-21T14:33:22.708Z] POST /api/user/register
[2024-05-21T14:33:56.142Z] POST /api/user/register
[2024-05-21T14:34:19.497Z] POST /api/user/register
[2024-05-21T14:34:42.118Z] POST /api/user/register
[2024-05-21T14:36:16.170Z] POST /api/user/login
[2024-05-21T14:36:52.102Z] POST /api/user/login
[2024-05-21T14:37:12.242Z] POST /api/book
[2024-05-21T14:37:14.132Z] POST /api/book
[2024-05-21T14:37:29.987Z] GET /api/book
[2024-05-21T14:37:50.913Z] POST /api/user/login
[2024-05-21T14:37:52.769Z] POST /api/user/login
[2024-05-21T14:38:05.922Z] POST /api/book
[2024-05-21T14:38:07.035Z] POST /api/book
[2024-05-21T14:38:25.765Z] GET /api/book
[2024-05-21T14:39:10.386Z] PUT /api/book/664cb1cfa7a3e5af8034d7c6
[2024-05-21T14:39:11.855Z] PUT /api/book/664cb1cfa7a3e5af8034d7c6
[2024-05-21T14:39:25.795Z] GET /api/book
[2024-05-21T14:39:44.006Z] DELETE /api/book/664cb1cfa7a3e5af8034d7c6
[2024-05-21T14:39:57.857Z] GET /api/book
[2024-05-21T14:40:20.002Z] GET /api/book/664cb1cda7a3e5af8034d7c4
[2024-05-21T14:40:23.659Z] GET /api/book/664cb1cda7a3e5af8034d7c4d
[2024-05-21T14:41:00.435Z] GET /api/book/sss
[2024-05-21T14:41:23.560Z] GET /api/book/3453245435
[2024-05-21T14:42:00.624Z] DELETE /api/book/ss2543hj5
[2024-05-21T14:43:09.179Z] DELETE /api/book/4675yghj8u
[2024-05-21T14:43:26.644Z] POST /api/user/login
[2024-05-21T14:43:32.249Z] DELETE /api/book/4675yghj8u
[2024-05-21T14:47:23.943Z] GET /api/book/67678sf
[2024-05-21T14:47:29.401Z] GET /api/book
[2024-05-21T14:50:55.168Z] GET /api/book
[2024-05-21T14:51:02.036Z] GET /api/book/664c8f6a1306ea74228a6752
[2024-05-21T14:51:06.958Z] GET /api/book/665752
[2024-05-21T14:51:13.040Z] GET /api/book/665sdfsdfs752
[2024-05-21T14:51:17.457Z] GET /api/book/665sdfsdfs752sdfsdf
[2024-05-21T14:51:23.327Z] GET /api/book/664c8f6a1306ea74228a672
[2024-05-21T14:51:30.626Z] GET /api/book/664c8f041306ea74228a671c
[2024-05-21T14:51:34.855Z] GET /api/book/664c8f041306ea74228a671
[2024-05-21T14:51:40.061Z] GET /api/book/664c8f041306ea74228a671c
[2024-05-21T14:52:06.477Z] GET /api/book/664cb1cda7a3e5af8034d7c4
[2024-05-21T14:52:09.631Z] GET /api/book/664cb1cda7a3e5af8034d7c
[2024-05-21T14:52:13.711Z] GET /api/book/664cb1cda7a3e5af8034d7c3
[2024-05-21T14:52:16.119Z] GET /api/book/664cb1cda7a3e5af8034d7c33
[2024-05-21T14:52:19.435Z] GET /api/book/664cb1cda7a3e5af8034d7c4
[2024-05-21T14:52:21.755Z] GET /api/book/664cb1cda7a3e5af8034d7c3
[2024-05-21T14:52:58.973Z] GET /api/book/664cb1cda7a3e5af8034d7c
[2024-05-21T14:56:53.057Z] DELETE /api/book/664cb1cda7a3e5af8034d7c4
[2024-05-21T14:56:59.616Z] DELETE /api/book/664cb1cda7a3e5af8034d7c5
[2024-05-21T14:58:08.455Z] DELETE /api/book/664cb1cda7a3e5af8034d7c4
[2024-05-21T14:58:13.922Z] DELETE /api/book/664cb1cda7a3e5af8034d7c3
[2024-05-21T14:58:18.543Z] DELETE /api/book/664cb1cda7a3e5af8034d
[2024-05-21T15:06:58.203Z] DELETE /api/book/664cb1cda7a3e5af8034d7c4
[2024-05-21T15:07:02.912Z] DELETE /api/book/rt4564
[2024-05-21T15:07:07.095Z] DELETE /api/book/664cb1cda7a3e5af8034d7c4
[2024-05-21T15:07:11.667Z] DELETE /api/book/664cb1cda7a3e5af8034d7c4s
[2024-05-23T10:09:49.309Z] GET /
[2024-05-23T10:10:00.631Z] GET /api/user
[2024-05-23T10:10:19.652Z] POST /api/user/login
[2024-05-23T10:10:25.174Z] GET /api/user
[2024-05-23T10:10:44.066Z] POST /api/user/login
[2024-05-23T10:10:49.326Z] GET /api/user
[2024-05-23T10:11:24.768Z] POST /api/user/register
[2024-05-23T10:11:43.505Z] POST /api/user/register
[2024-05-23T10:12:04.921Z] POST /api/user/login
[2024-05-23T10:12:10.244Z] GET /api/user
[2024-05-23T10:12:19.960Z] GET /api/book
[2024-05-23T10:12:32.211Z] POST /api/book
[2024-05-23T10:12:45.201Z] POST /api/user/login
[2024-05-23T10:12:51.230Z] POST /api/book
[2024-05-23T10:13:01.573Z] POST /api/user/login
[2024-05-23T10:13:07.768Z] GET /api/book
[2024-05-23T10:13:32.754Z] PUT /api/book/664f16a328bdb53f00d73b39
[2024-05-23T10:13:42.961Z] POST /api/user/login
[2024-05-23T10:13:51.460Z] PUT /api/book/664f16a328bdb53f00d73b39
[2024-05-23T10:13:56.871Z] GET /api/book
[2024-05-23T10:14:11.271Z] DELETE /api/book/664f16a328bdb53f00d73b39
[2024-05-23T10:14:29.649Z] POST /api/user/login
[2024-05-23T10:14:35.851Z] DELETE /api/book/664f16a328bdb53f00d73b39
[2024-05-23T10:14:45.519Z] GET /api/book
[2024-06-15T10:20:21.991Z] GET /
